rsync: [sender] change_dir "/home/rranjit05/cowrie_snapshots" failed: No such file or directory (2)
rsync error: some files/attrs were not transferred (see previous errors) (code 23) at main.c(1865) [Receiver=3.2.7]
rsync: [Receiver] write error: Broken pipe (32)
ssh: connect to host 20.92.166.67 port 22: Connection timed out
rsync: connection unexpectedly closed (0 bytes received so far) [Receiver]
rsync error: error in rsync protocol data stream (code 12) at io.c(232) [Receiver=3.2.7]
rsync: [sender] change_dir "/home/rranjit05/cowrie_snapshots" failed: No such file or directory (2)
rsync error: some files/attrs were not transferred (see previous errors) (code 23) at main.c(1865) [Receiver=3.2.7]
rsync: [Receiver] write error: Broken pipe (32)
rsync: [sender] change_dir "/home/rranjit05/cowrie_snapshots" failed: No such file or directory (2)
rsync error: some files/attrs were not transferred (see previous errors) (code 23) at main.c(1865) [Receiver=3.2.7]
rsync: [Receiver] write error: Broken pipe (32)
rsync: [sender] change_dir "/home/rranjit05/cowrie_snapshots" failed: No such file or directory (2)
rsync error: some files/attrs were not transferred (see previous errors) (code 23) at main.c(1865) [Receiver=3.2.7]
rsync: [Receiver] write error: Broken pipe (32)
rsync: [sender] change_dir "/home/rranjit05/cowrie_snapshots" failed: No such file or directory (2)
rsync error: some files/attrs were not transferred (see previous errors) (code 23) at main.c(1865) [Receiver=3.2.7]
rsync: [Receiver] write error: Broken pipe (32)
rsync: [sender] change_dir "/home/rranjit05/cowrie_snapshots" failed: No such file or directory (2)
rsync error: some files/attrs were not transferred (see previous errors) (code 23) at main.c(1865) [Receiver=3.2.7]
rsync: [Receiver] write error: Broken pipe (32)
ssh: connect to host 20.92.166.67 port 22: Connection timed out
rsync: connection unexpectedly closed (0 bytes received so far) [Receiver]
rsync error: unexplained error (code 255) at io.c(232) [Receiver=3.2.7]
ssh: connect to host 20.92.166.67 port 22: Connection timed out
rsync: connection unexpectedly closed (0 bytes received so far) [Receiver]
rsync error: unexplained error (code 255) at io.c(232) [Receiver=3.2.7]
ssh: connect to host 20.92.166.67 port 22: Connection timed out
rsync: connection unexpectedly closed (0 bytes received so far) [Receiver]
rsync error: error in rsync protocol data stream (code 12) at io.c(232) [Receiver=3.2.7]
[+] Pulling Cowrie logs from Azure VM...
[+] Remote: azureuser@20.92.166.67:/home/rranjit05/cowrie_snapshots
[+] Local: /home/rranjit05/phantomnet/data/raw/cowrie_snapshots
ssh: connect to host 20.92.166.67 port 22: Connection timed out
rsync: connection unexpectedly closed (0 bytes received so far) [Receiver]
rsync error: unexplained error (code 255) at io.c(232) [Receiver=3.2.7]
[+] Pulling Cowrie logs from Azure VM...
[+] Remote: azureuser@20.92.166.67:/home/rranjit05/cowrie_snapshots
[+] Local: /home/rranjit05/phantomnet/data/raw/cowrie_snapshots
ssh: connect to host 20.92.166.67 port 22: Connection timed out
rsync: connection unexpectedly closed (0 bytes received so far) [Receiver]
rsync error: unexplained error (code 255) at io.c(232) [Receiver=3.2.7]
[+] Pulling Cowrie logs from Azure VM...
[+] Remote: azureuser@20.92.166.67:/home/rranjit05/cowrie_snapshots
[+] Local: /home/rranjit05/phantomnet/data/raw/cowrie_snapshots
ssh: connect to host 20.92.166.67 port 22: Connection timed out
rsync: connection unexpectedly closed (0 bytes received so far) [Receiver]
rsync error: unexplained error (code 255) at io.c(232) [Receiver=3.2.7]
[+] Pulling Cowrie logs from Azure VM...
[+] Remote: azureuser@20.92.166.67:/home/rranjit05/cowrie_snapshots
[+] Local: /home/rranjit05/phantomnet/data/raw/cowrie_snapshots
ssh: connect to host 20.92.166.67 port 22: Connection timed out
rsync: connection unexpectedly closed (0 bytes received so far) [Receiver]
rsync error: unexplained error (code 255) at io.c(232) [Receiver=3.2.7]
[+] Pulling Cowrie logs from Azure VM...
[+] Remote: azureuser@20.92.166.67:/home/rranjit05/cowrie_snapshots
[+] Local: /home/rranjit05/phantomnet/data/raw/cowrie_snapshots
ssh: connect to host 20.92.166.67 port 22: Connection timed out
rsync: connection unexpectedly closed (0 bytes received so far) [Receiver]
rsync error: unexplained error (code 255) at io.c(232) [Receiver=3.2.7]
[+] Pulling Cowrie logs from Azure VM...
[+] Remote: azureuser@20.92.166.67:/home/rranjit05/cowrie_snapshots
[+] Local: /home/rranjit05/phantomnet/data/raw/cowrie_snapshots
ssh: connect to host 20.92.166.67 port 22: Connection timed out
rsync: connection unexpectedly closed (0 bytes received so far) [Receiver]
rsync error: unexplained error (code 255) at io.c(232) [Receiver=3.2.7]
[+] Pulling Cowrie logs from Azure VM...
[+] Remote: azureuser@20.92.166.67:/home/rranjit05/cowrie_snapshots
[+] Local: /home/rranjit05/phantomnet/data/raw/cowrie_snapshots
ssh: connect to host 20.92.166.67 port 22: Connection timed out
rsync: connection unexpectedly closed (0 bytes received so far) [Receiver]
rsync error: unexplained error (code 255) at io.c(232) [Receiver=3.2.7]
[+] Pulling Cowrie logs from Azure VM...
[+] Remote: azureuser@20.92.166.67:/home/rranjit05/cowrie_snapshots
[+] Local: /home/rranjit05/phantomnet/data/raw/cowrie_snapshots
ssh: connect to host 20.92.166.67 port 22: Connection timed out
rsync: connection unexpectedly closed (0 bytes received so far) [Receiver]
rsync error: unexplained error (code 255) at io.c(232) [Receiver=3.2.7]
[+] Pulling Cowrie logs from Azure VM...
[+] Remote: azureuser@20.92.166.67:/home/rranjit05/cowrie_snapshots
[+] Local: /home/rranjit05/phantomnet/data/raw/cowrie_snapshots
ssh: connect to host 20.92.166.67 port 22: Connection timed out
rsync: connection unexpectedly closed (0 bytes received so far) [Receiver]
rsync error: unexplained error (code 255) at io.c(232) [Receiver=3.2.7]
[+] Pulling Cowrie logs from Azure VM...
[+] Remote: azureuser@20.92.166.67:/home/rranjit05/cowrie_snapshots
[+] Local: /home/rranjit05/phantomnet/data/raw/cowrie_snapshots
ssh: connect to host 20.92.166.67 port 22: Connection timed out
rsync: connection unexpectedly closed (0 bytes received so far) [Receiver]
rsync error: unexplained error (code 255) at io.c(232) [Receiver=3.2.7]
[+] Pulling Cowrie logs from Azure VM...
[+] Remote: azureuser@20.92.166.67:/home/rranjit05/cowrie_snapshots
[+] Local: /home/rranjit05/phantomnet/data/raw/cowrie_snapshots
ssh: connect to host 20.92.166.67 port 22: Connection timed out
rsync: connection unexpectedly closed (0 bytes received so far) [Receiver]
rsync error: unexplained error (code 255) at io.c(232) [Receiver=3.2.7]
[+] Pulling Cowrie logs from Azure VM...
[+] Remote: azureuser@20.92.166.67:/home/rranjit05/cowrie_snapshots
[+] Local: /home/rranjit05/phantomnet/data/raw/cowrie_snapshots
ssh: connect to host 20.92.166.67 port 22: Connection timed out
rsync: connection unexpectedly closed (0 bytes received so far) [Receiver]
rsync error: unexplained error (code 255) at io.c(232) [Receiver=3.2.7]
[+] Pulling Cowrie logs from Azure VM...
[+] Remote: azureuser@20.92.166.67:/home/rranjit05/cowrie_snapshots
[+] Local: /home/rranjit05/phantomnet/data/raw/cowrie_snapshots
ssh: connect to host 20.92.166.67 port 22: Connection timed out
rsync: connection unexpectedly closed (0 bytes received so far) [Receiver]
rsync error: unexplained error (code 255) at io.c(232) [Receiver=3.2.7]
[+] Pulling Cowrie logs from Azure VM...
[+] Remote: azureuser@20.92.166.67:/home/rranjit05/cowrie_snapshots
[+] Local: /home/rranjit05/phantomnet/data/raw/cowrie_snapshots
ssh: connect to host 20.92.166.67 port 22: Connection timed out
rsync: connection unexpectedly closed (0 bytes received so far) [Receiver]
rsync error: unexplained error (code 255) at io.c(232) [Receiver=3.2.7]
[+] Pulling Cowrie logs from Azure VM...
[+] Remote: azureuser@20.92.166.67:/home/rranjit05/cowrie_snapshots
[+] Local: /home/rranjit05/phantomnet/data/raw/cowrie_snapshots
ssh: connect to host 20.92.166.67 port 22: Connection timed out
rsync: connection unexpectedly closed (0 bytes received so far) [Receiver]
rsync error: unexplained error (code 255) at io.c(232) [Receiver=3.2.7]
[+] Pulling Cowrie logs from Azure VM...
[+] Remote: azureuser@130.33.97.184:/home/rranjit05/cowrie_snapshots
[+] Local: /home/rranjit05/phantomnet/data/raw/cowrie_snapshots
rsync: [sender] change_dir "/home/rranjit05/cowrie_snapshots" failed: No such file or directory (2)
rsync error: some files/attrs were not transferred (see previous errors) (code 23) at main.c(1865) [Receiver=3.2.7]
rsync: [Receiver] write error: Broken pipe (32)
receiving incremental file list
./
cowrie_2025-12-22_20-30.json

sent 50 bytes  received 1,915 bytes  561.43 bytes/sec
total size is 33,315  speedup is 16.95
receiving incremental file list
./
cowrie_2025-12-22_21-00.json

sent 50 bytes  received 1,932 bytes  566.29 bytes/sec
total size is 39,978  speedup is 20.17
receiving incremental file list
./
cowrie_2025-12-22_21-30.json

sent 50 bytes  received 1,946 bytes  443.56 bytes/sec
total size is 46,641  speedup is 23.37
receiving incremental file list
./
cowrie_2025-12-22_22-00.json
cowrie_2025-12-22_22-30.json
cowrie_2025-12-22_23-00.json
cowrie_2025-12-22_23-30.json
cowrie_2025-12-23_00-00.json
cowrie_2025-12-23_00-30.json
cowrie_2025-12-23_01-00.json
cowrie_2025-12-23_01-30.json
cowrie_2025-12-23_02-00.json

sent 202 bytes  received 2,540 bytes  609.33 bytes/sec
total size is 106,608  speedup is 38.88
receiving incremental file list
./
cowrie_2025-12-23_02-30.json

sent 50 bytes  received 2,157 bytes  490.44 bytes/sec
total size is 113,271  speedup is 51.32
receiving incremental file list
./
cowrie_2025-12-23_03-00.json
cowrie_2025-12-23_03-30.json
cowrie_2025-12-23_04-00.json
cowrie_2025-12-23_04-30.json

sent 107 bytes  received 2,389 bytes  713.14 bytes/sec
total size is 139,923  speedup is 56.06
receiving incremental file list
./
cowrie_2025-12-23_05-00.json
cowrie_2025-12-23_05-30.json
cowrie_2025-12-23_06-00.json
cowrie_2025-12-23_06-30.json
cowrie_2025-12-23_07-00.json
cowrie_2025-12-23_07-30.json
cowrie_2025-12-23_08-00.json
cowrie_2025-12-23_08-30.json
cowrie_2025-12-23_09-00.json
cowrie_2025-12-23_09-30.json
cowrie_2025-12-23_10-00.json
cowrie_2025-12-23_10-30.json
cowrie_2025-12-23_11-00.json
cowrie_2025-12-23_11-30.json
cowrie_2025-12-23_12-00.json
cowrie_2025-12-23_12-30.json
cowrie_2025-12-23_13-00.json
cowrie_2025-12-23_13-30.json
cowrie_2025-12-23_14-00.json
cowrie_2025-12-23_14-30.json
cowrie_2025-12-23_15-00.json
cowrie_2025-12-23_15-30.json
cowrie_2025-12-23_16-00.json

sent 468 bytes  received 3,709 bytes  928.22 bytes/sec
total size is 293,172  speedup is 70.19
receiving incremental file list
./
cowrie_2025-12-23_16-30.json
cowrie_2025-12-23_17-00.json
cowrie_2025-12-23_17-30.json
cowrie_2025-12-23_18-00.json
cowrie_2025-12-23_18-30.json
cowrie_2025-12-23_19-00.json
cowrie_2025-12-23_19-30.json
cowrie_2025-12-23_20-00.json

sent 183 bytes  received 3,109 bytes  731.56 bytes/sec
total size is 346,476  speedup is 105.25
rsync error: unexplained error (code 255) at rsync.c(716) [Receiver=3.2.7]
receiving incremental file list
./
cowrie_2025-12-23_20-30.json
cowrie_2025-12-23_21-00.json
cowrie_2025-12-23_21-30.json
cowrie_2025-12-23_22-00.json
cowrie_2025-12-23_22-30.json
cowrie_2025-12-23_23-00.json
cowrie_2025-12-23_23-30.json
cowrie_2025-12-24_00-00.json
cowrie_2025-12-24_00-30.json
cowrie_2025-12-24_01-00.json
cowrie_2025-12-24_01-30.json
cowrie_2025-12-24_02-00.json
cowrie_2025-12-24_02-30.json
cowrie_2025-12-24_03-00.json
cowrie_2025-12-24_03-30.json
cowrie_2025-12-24_04-00.json
cowrie_2025-12-24_04-30.json
cowrie_2025-12-24_05-00.json
cowrie_2025-12-24_05-30.json
cowrie_2025-12-24_06-00.json
cowrie_2025-12-24_06-30.json
cowrie_2025-12-24_07-00.json
cowrie_2025-12-24_07-30.json
cowrie_2025-12-24_08-00.json
cowrie_2025-12-24_08-30.json
cowrie_2025-12-24_09-00.json
cowrie_2025-12-24_09-30.json
cowrie_2025-12-24_10-00.json
cowrie_2025-12-24_10-30.json
cowrie_2025-12-24_11-00.json
cowrie_2025-12-24_11-30.json
cowrie_2025-12-24_12-00.json
cowrie_2025-12-24_12-30.json
cowrie_2025-12-24_13-00.json
cowrie_2025-12-24_13-30.json
cowrie_2025-12-24_14-00.json
cowrie_2025-12-24_14-30.json
cowrie_2025-12-24_15-00.json
cowrie_2025-12-24_15-30.json
cowrie_2025-12-24_16-00.json
cowrie_2025-12-24_16-30.json
cowrie_2025-12-24_17-00.json
cowrie_2025-12-24_17-30.json
cowrie_2025-12-24_18-00.json
cowrie_2025-12-24_18-30.json
cowrie_2025-12-24_19-00.json
cowrie_2025-12-24_19-30.json
cowrie_2025-12-24_20-00.json
cowrie_2025-12-24_20-30.json
cowrie_2025-12-24_21-00.json
cowrie_2025-12-24_21-30.json
cowrie_2025-12-24_22-00.json
cowrie_2025-12-24_22-30.json
cowrie_2025-12-24_23-00.json
cowrie_2025-12-24_23-30.json
cowrie_2025-12-25_00-00.json
cowrie_2025-12-25_00-30.json
cowrie_2025-12-25_01-00.json
cowrie_2025-12-25_01-30.json
cowrie_2025-12-25_02-00.json
cowrie_2025-12-25_02-30.json
cowrie_2025-12-25_03-00.json
cowrie_2025-12-25_03-30.json
cowrie_2025-12-25_04-00.json
cowrie_2025-12-25_04-30.json
cowrie_2025-12-25_05-00.json
cowrie_2025-12-25_05-30.json
cowrie_2025-12-25_06-00.json
cowrie_2025-12-25_06-30.json
cowrie_2025-12-25_07-00.json
cowrie_2025-12-25_07-30.json
cowrie_2025-12-25_08-00.json
cowrie_2025-12-25_08-30.json
cowrie_2025-12-25_09-00.json
cowrie_2025-12-25_09-30.json
cowrie_2025-12-25_10-00.json
cowrie_2025-12-25_10-30.json
cowrie_2025-12-25_11-00.json
cowrie_2025-12-25_11-30.json
cowrie_2025-12-25_12-00.json
cowrie_2025-12-25_12-30.json
cowrie_2025-12-25_13-00.json
cowrie_2025-12-25_13-30.json
cowrie_2025-12-25_14-00.json
cowrie_2025-12-25_14-30.json
cowrie_2025-12-25_15-00.json
cowrie_2025-12-25_15-30.json
cowrie_2025-12-25_16-00.json
cowrie_2025-12-25_16-30.json
cowrie_2025-12-25_17-00.json
cowrie_2025-12-25_17-30.json
cowrie_2025-12-25_18-00.json
cowrie_2025-12-25_18-30.json
cowrie_2025-12-25_19-00.json
cowrie_2025-12-25_19-30.json
cowrie_2025-12-25_20-00.json
cowrie_2025-12-25_20-30.json
cowrie_2025-12-25_21-00.json
cowrie_2025-12-25_21-30.json
cowrie_2025-12-25_22-00.json
cowrie_2025-12-25_22-30.json
cowrie_2025-12-25_23-00.json
cowrie_2025-12-25_23-30.json
cowrie_2025-12-26_00-00.json
cowrie_2025-12-26_00-30.json
cowrie_2025-12-26_01-00.json
cowrie_2025-12-26_01-30.json
cowrie_2025-12-26_02-00.json
cowrie_2025-12-26_02-30.json
cowrie_2025-12-26_03-00.json
cowrie_2025-12-26_03-30.json
cowrie_2025-12-26_04-00.json
cowrie_2025-12-26_04-30.json
cowrie_2025-12-26_05-00.json
cowrie_2025-12-26_05-30.json
cowrie_2025-12-26_06-00.json
cowrie_2025-12-26_06-30.json
cowrie_2025-12-26_07-00.json
cowrie_2025-12-26_07-30.json
cowrie_2025-12-26_08-00.json
cowrie_2025-12-26_08-30.json
cowrie_2025-12-26_09-00.json
cowrie_2025-12-26_09-30.json
cowrie_2025-12-26_10-00.json
cowrie_2025-12-26_10-30.json
cowrie_2025-12-26_11-00.json
cowrie_2025-12-26_11-30.json
cowrie_2025-12-26_12-00.json
cowrie_2025-12-26_12-30.json
cowrie_2025-12-26_13-00.json
cowrie_2025-12-26_13-30.json
cowrie_2025-12-26_14-00.json
cowrie_2025-12-26_14-30.json
cowrie_2025-12-26_15-00.json
cowrie_2025-12-26_15-30.json
cowrie_2025-12-26_16-00.json
cowrie_2025-12-26_16-30.json
cowrie_2025-12-26_17-00.json
cowrie_2025-12-26_17-30.json
cowrie_2025-12-26_18-00.json
cowrie_2025-12-26_18-30.json
cowrie_2025-12-26_19-00.json
cowrie_2025-12-26_19-30.json
cowrie_2025-12-26_20-00.json
cowrie_2025-12-26_20-30.json
cowrie_2025-12-26_21-00.json
cowrie_2025-12-26_21-30.json
cowrie_2025-12-26_22-00.json
cowrie_2025-12-26_22-30.json
cowrie_2025-12-26_23-00.json
cowrie_2025-12-26_23-30.json
cowrie_2025-12-27_00-00.json
cowrie_2025-12-27_00-30.json
cowrie_2025-12-27_01-00.json
cowrie_2025-12-27_01-30.json
cowrie_2025-12-27_02-00.json
cowrie_2025-12-27_02-30.json
cowrie_2025-12-27_03-00.json
cowrie_2025-12-27_03-30.json
cowrie_2025-12-27_04-00.json
cowrie_2025-12-27_04-30.json
cowrie_2025-12-27_05-00.json
cowrie_2025-12-27_05-30.json
cowrie_2025-12-27_06-00.json
cowrie_2025-12-27_06-30.json
cowrie_2025-12-27_07-00.json
cowrie_2025-12-27_07-30.json
cowrie_2025-12-27_08-00.json
cowrie_2025-12-27_08-30.json
cowrie_2025-12-27_09-00.json
cowrie_2025-12-27_09-30.json
cowrie_2025-12-27_10-00.json
cowrie_2025-12-27_10-30.json
cowrie_2025-12-27_11-00.json
cowrie_2025-12-27_11-30.json
cowrie_2025-12-27_12-00.json
cowrie_2025-12-27_12-30.json
cowrie_2025-12-27_13-00.json
cowrie_2025-12-27_13-30.json
cowrie_2025-12-27_14-00.json
cowrie_2025-12-27_14-30.json
cowrie_2025-12-27_15-00.json
cowrie_2025-12-27_15-30.json
cowrie_2025-12-27_16-00.json
cowrie_2025-12-27_16-30.json
cowrie_2025-12-27_17-00.json
cowrie_2025-12-27_17-30.json

sent 3,584 bytes  received 15,390 bytes  5,421.14 bytes/sec
total size is 1,592,457  speedup is 83.93
receiving incremental file list
./
cowrie_2025-12-27_18-00.json

sent 50 bytes  received 6,293 bytes  1,409.56 bytes/sec
total size is 1,599,120  speedup is 252.11
receiving incremental file list
./
cowrie_2025-12-27_18-30.json

sent 50 bytes  received 6,313 bytes  1,414.00 bytes/sec
total size is 1,605,783  speedup is 252.36
ssh: connect to host 130.33.97.184 port 22: Connection refused
rsync: connection unexpectedly closed (0 bytes received so far) [Receiver]
rsync error: unexplained error (code 255) at io.c(232) [Receiver=3.2.7]
@@@@@@@@@@@@@@@@@@@@@@@@@@@@@@@@@@@@@@@@@@@@@@@@@@@@@@@@@@@
@    WARNING: REMOTE HOST IDENTIFICATION HAS CHANGED!     @
@@@@@@@@@@@@@@@@@@@@@@@@@@@@@@@@@@@@@@@@@@@@@@@@@@@@@@@@@@@
IT IS POSSIBLE THAT SOMEONE IS DOING SOMETHING NASTY!
Someone could be eavesdropping on you right now (man-in-the-middle attack)!
It is also possible that a host key has just been changed.
The fingerprint for the ED25519 key sent by the remote host is
SHA256:aNkHOntwKgjHOwUxf2LL999BwhfL++t2ygCa090DUvw.
Please contact your system administrator.
Add correct host key in /home/rranjit05/.ssh/known_hosts to get rid of this message.
Offending ECDSA key in /home/rranjit05/.ssh/known_hosts:12
  remove with:
  ssh-keygen -f '/home/rranjit05/.ssh/known_hosts' -R '130.33.97.184'
Host key for 130.33.97.184 has changed and you have requested strict checking.
Host key verification failed.
rsync: connection unexpectedly closed (0 bytes received so far) [Receiver]
rsync error: unexplained error (code 255) at io.c(232) [Receiver=3.2.7]
receiving incremental file list
./
cowrie_2025-12-28_00-30.json
cowrie_2025-12-28_01-00.json

sent 69 bytes  received 238,552 bytes  53,026.89 bytes/sec
total size is 1,839,331  speedup is 7.71
receiving incremental file list
./
cowrie_2025-12-28_01-30.json

sent 50 bytes  received 524,011 bytes  116,458.00 bytes/sec
total size is 2,358,284  speedup is 4.50
receiving incremental file list
./
cowrie_2025-12-28_02-00.json

sent 50 bytes  received 737,875 bytes  134,168.18 bytes/sec
total size is 3,091,020  speedup is 4.19
receiving incremental file list
./
cowrie_2025-12-28_02-30.json

sent 50 bytes  received 1,684,435 bytes  374,330.00 bytes/sec
total size is 4,770,059  speedup is 2.83
ssh: connect to host 130.33.97.184 port 22222: Connection timed out
rsync: connection unexpectedly closed (0 bytes received so far) [Receiver]
rsync error: unexplained error (code 255) at io.c(232) [Receiver=3.2.7]
ssh: connect to host 130.33.97.184 port 22222: Connection timed out
rsync: connection unexpectedly closed (0 bytes received so far) [Receiver]
rsync error: unexplained error (code 255) at io.c(232) [Receiver=3.2.7]
